Using pre-set license
Built from '2020.3/staging' branch; Version is '2020.3.23f1 (c5d91304a876) revision 12966163'; Using compiler version '192528614'; Build Type 'Release'
OS: 'Windows 10 Pro; OS build 19043.1348; Version 2009; 64bit' Language: 'it' Physical Memory: 15780 MB
BatchMode: 1, IsHumanControllingUs: 0, StartBugReporterOnCrash: 0, Is64bit: 1, IsPro: 0

COMMAND LINE ARGUMENTS:
C:\Program Files\Unity\Hub\Editor\2020.3.23f1\Editor\Unity.exe
-adb2
-batchMode
-noUpm
-name
AssetImportWorker0
-projectPath
C:/Users/Utente/Desktop/Unity_Project/Pokemon_Game_Like
-logFile
Logs/AssetImportWorker0.log
-srvPort
55125
Successfully changed project path to: C:/Users/Utente/Desktop/Unity_Project/Pokemon_Game_Like
C:/Users/Utente/Desktop/Unity_Project/Pokemon_Game_Like
Using Asset Import Pipeline V2.
Refreshing native plugins compatible for Editor in 32.28 ms, found 3 plugins.
Preloading 0 native plugins for Editor in 0.00 ms.
Initialize engine version: 2020.3.23f1 (c5d91304a876)
[Subsystems] Discovering subsystems at path C:/Program Files/Unity/Hub/Editor/2020.3.23f1/Editor/Data/Resources/UnitySubsystems
[Subsystems] Discovering subsystems at path C:/Users/Utente/Desktop/Unity_Project/Pokemon_Game_Like/Assets
GfxDevice: creating device client; threaded=0
Direct3D:
    Version:  Direct3D 11.0 [level 11.1]
    Renderer: NVIDIA GeForce RTX 2060 (ID=0x1f08)
    Vendor:   
    VRAM:     5980 MB
    Driver:   27.21.14.5751
Initialize mono
Mono path[0] = 'C:/Program Files/Unity/Hub/Editor/2020.3.23f1/Editor/Data/Managed'
Mono path[1] = 'C:/Program Files/Unity/Hub/Editor/2020.3.23f1/Editor/Data/MonoBleedingEdge/lib/mono/unityjit'
Mono config path = 'C:/Program Files/Unity/Hub/Editor/2020.3.23f1/Editor/Data/MonoBleedingEdge/etc'
Using monoOptions --debugger-agent=transport=dt_socket,embedding=1,server=y,suspend=n,address=127.0.0.1:56556
Begin MonoManager ReloadAssembly
Registering precompiled unity dll's ...
Register platform support module: C:/Program Files/Unity/Hub/Editor/2020.3.23f1/Editor/Data/PlaybackEngines/WindowsStandaloneSupport/UnityEditor.WindowsStandalone.Extensions.dll
Registered in 0.001514 seconds.
Native extension for WindowsStandalone target not found
Refreshing native plugins compatible for Editor in 30.91 ms, found 3 plugins.
Preloading 0 native plugins for Editor in 0.00 ms.
Mono: successfully reloaded assembly
- Completed reload, in  0.389 seconds
Domain Reload Profiling:
	ReloadAssembly (389ms)
		BeginReloadAssembly (36ms)
			ExecutionOrderSort (0ms)
			DisableScriptedObjects (0ms)
			BackupInstance (0ms)
			ReleaseScriptingObjects (0ms)
			CreateAndSetChildDomain (1ms)
		EndReloadAssembly (304ms)
			LoadAssemblies (34ms)
			RebuildTransferFunctionScriptingTraits (0ms)
			SetupTypeCache (93ms)
			ReleaseScriptCaches (0ms)
			RebuildScriptCaches (18ms)
			SetupLoadedEditorAssemblies (122ms)
				LogAssemblyErrors (0ms)
				InitializePlatformSupportModulesInManaged (3ms)
				SetLoadedEditorAssemblies (0ms)
				RefreshPlugins (31ms)
				BeforeProcessingInitializeOnLoad (11ms)
				ProcessInitializeOnLoadAttributes (57ms)
				ProcessInitializeOnLoadMethodAttributes (19ms)
				AfterProcessingInitializeOnLoad (0ms)
				EditorAssembliesLoaded (0ms)
			ExecutionOrderSort2 (0ms)
			AwakeInstancesAfterBackupRestoration (0ms)
Platform modules already initialized, skipping
Registering precompiled user dll's ...
Registered in 0.003289 seconds.
Begin MonoManager ReloadAssembly
Native extension for WindowsStandalone target not found
Refreshing native plugins compatible for Editor in 30.80 ms, found 3 plugins.
Preloading 0 native plugins for Editor in 0.00 ms.
Mono: successfully reloaded assembly
- Completed reload, in  0.746 seconds
Domain Reload Profiling:
	ReloadAssembly (746ms)
		BeginReloadAssembly (105ms)
			ExecutionOrderSort (0ms)
			DisableScriptedObjects (3ms)
			BackupInstance (0ms)
			ReleaseScriptingObjects (0ms)
			CreateAndSetChildDomain (20ms)
		EndReloadAssembly (598ms)
			LoadAssemblies (67ms)
			RebuildTransferFunctionScriptingTraits (0ms)
			SetupTypeCache (185ms)
			ReleaseScriptCaches (1ms)
			RebuildScriptCaches (29ms)
			SetupLoadedEditorAssemblies (244ms)
				LogAssemblyErrors (0ms)
				InitializePlatformSupportModulesInManaged (3ms)
				SetLoadedEditorAssemblies (0ms)
				RefreshPlugins (31ms)
				BeforeProcessingInitializeOnLoad (59ms)
				ProcessInitializeOnLoadAttributes (135ms)
				ProcessInitializeOnLoadMethodAttributes (12ms)
				AfterProcessingInitializeOnLoad (4ms)
				EditorAssembliesLoaded (0ms)
			ExecutionOrderSort2 (0ms)
			AwakeInstancesAfterBackupRestoration (4ms)
Platform modules already initialized, skipping
========================================================================
Worker process is ready to serve import requests
Launched and connected shader compiler UnityShaderCompiler.exe after 0.04 seconds
Refreshing native plugins compatible for Editor in 0.48 ms, found 3 plugins.
Preloading 0 native plugins for Editor in 0.00 ms.
Unloading 2192 Unused Serialized files (Serialized files now loaded: 0)
System memory in use before: 95.7 MB.
System memory in use after: 95.8 MB.

Unloading 28 unused Assets to reduce memory usage. Loaded Objects now: 2625.
Total: 2.509000 ms (FindLiveObjects: 0.177000 ms CreateObjectMapping: 0.052700 ms MarkObjects: 2.216500 ms  DeleteObjects: 0.061600 ms)

AssetImportParameters requested are different than current active one (requested -> active):
  custom:framework-win-MediaFoundation: 216162199b28c13a410421893ffa2e32 -> 
  custom:video-decoder-ogg-theora: a1e56fd34408186e4bbccfd4996cb3dc -> 
  custom:container-muxer-webm: aa71ff27fc2769a1b78a27578f13a17b -> 
  custom:container-demuxer-webm: 4f35f7cbe854078d1ac9338744f61a02 -> 
  custom:container-demuxer-ogg: 62fdf1f143b41e24485cea50d1cbac27 -> 
  custom:video-encoder-webm-vp8: eb34c28f22e8b96e1ab97ce403110664 -> 
  custom:video-decoder-webm-vp8: 9c59270c3fd7afecdb556c50c9e8de78 -> 
  custom:audio-decoder-ogg-vorbis: bf7c407c2cedff20999df2af8eb42d56 -> 
  custom:audio-encoder-webm-vorbis: bf7c407c2cedff20999df2af8eb42d56 -> 
========================================================================
Received Import Request.
  path: Assets
  artifactKey: Guid(00000000000000001000000000000000) Importer(815301076,1909f56bfc062723c751e8b465ee728b)
Start importing Assets using Guid(00000000000000001000000000000000) Importer(815301076,1909f56bfc062723c751e8b465ee728b)  -> (artifact id: '42d402b061de3733987d63b9cc3b64de') in 0.009201 seconds 
  Import took 0.012107 seconds .

========================================================================
Received Import Request.
  Time since last request: 5.106990 seconds.
  path: Assets/Arts
  artifactKey: Guid(395b350e6646dbf42bfa402494ec55ad) Importer(815301076,1909f56bfc062723c751e8b465ee728b)
Start importing Assets/Arts using Guid(395b350e6646dbf42bfa402494ec55ad) Importer(815301076,1909f56bfc062723c751e8b465ee728b)  -> (artifact id: 'a6a03a0312817bf5fd05b2fdc3a6dd7f') in 0.007502 seconds 
  Import took 0.010928 seconds .

========================================================================
Received Import Request.
  Time since last request: 58.584081 seconds.
  path: Assets/Arts/gfx
  artifactKey: Guid(0154933628869f048a36a8208fcfa60f) Importer(815301076,1909f56bfc062723c751e8b465ee728b)
Start importing Assets/Arts/gfx using Guid(0154933628869f048a36a8208fcfa60f) Importer(815301076,1909f56bfc062723c751e8b465ee728b)  -> (artifact id: 'b657c81cc674e530bbaa003f0571e416') in 0.006659 seconds 
  Import took 0.009965 seconds .

========================================================================
Received Import Request.
  Time since last request: 0.070970 seconds.
  path: Assets/Arts/gfx/basic_colors.png
  artifactKey: Guid(a83efbd97cfe1184abff15be93a817c4) Importer(815301076,1909f56bfc062723c751e8b465ee728b)
Start importing Assets/Arts/gfx/basic_colors.png using Guid(a83efbd97cfe1184abff15be93a817c4) Importer(815301076,1909f56bfc062723c751e8b465ee728b)  -> (artifact id: '5557bd880f340efa3d55b2a4962e690c') in 0.076328 seconds 
  Import took 0.079738 seconds .

========================================================================
Received Import Request.
  Time since last request: 0.000146 seconds.
  path: Assets/Arts/gfx/Overworld.png
  artifactKey: Guid(cb3a56e86b2bb9c4991509ad74cde6ad) Importer(815301076,1909f56bfc062723c751e8b465ee728b)
Start importing Assets/Arts/gfx/Overworld.png using Guid(cb3a56e86b2bb9c4991509ad74cde6ad) Importer(815301076,1909f56bfc062723c751e8b465ee728b)  -> (artifact id: '3beca5f1a8581b72e0eb39c5796d0641') in 0.934806 seconds 
  Import took 0.940983 seconds .

========================================================================
Received Import Request.
  Time since last request: 0.000158 seconds.
  path: Assets/Arts/gfx/cave.png
  artifactKey: Guid(7a226a989b1bda7439086c5777172e91) Importer(815301076,1909f56bfc062723c751e8b465ee728b)
Start importing Assets/Arts/gfx/cave.png using Guid(7a226a989b1bda7439086c5777172e91) Importer(815301076,1909f56bfc062723c751e8b465ee728b)  -> (artifact id: '7585742001b2e8068bef7b160bc2d3a1') in 0.012749 seconds 
  Import took 0.015625 seconds .

========================================================================
Received Import Request.
  Time since last request: 0.000135 seconds.
  path: Assets/Arts/gfx/font.png
  artifactKey: Guid(b8cbe706126619d40903c50fb9d63dd1) Importer(815301076,1909f56bfc062723c751e8b465ee728b)
Start importing Assets/Arts/gfx/font.png using Guid(b8cbe706126619d40903c50fb9d63dd1) Importer(815301076,1909f56bfc062723c751e8b465ee728b)  -> (artifact id: '1232d5abf3158c0abc6044e6d7880ca1') in 0.011871 seconds 
  Import took 0.014560 seconds .

========================================================================
Received Import Request.
  Time since last request: 0.000144 seconds.
  path: Assets/Arts/gfx/character.png
  artifactKey: Guid(3111f23cd57d2be48b2ee6bac4a23588) Importer(815301076,1909f56bfc062723c751e8b465ee728b)
Start importing Assets/Arts/gfx/character.png using Guid(3111f23cd57d2be48b2ee6bac4a23588) Importer(815301076,1909f56bfc062723c751e8b465ee728b)  -> (artifact id: '782b8b5f8485b48300840c189dcac98b') in 0.081242 seconds 
  Import took 0.084636 seconds .

========================================================================
Received Import Request.
  Time since last request: 0.000176 seconds.
  path: Assets/Arts/gfx/NPC_test.png
  artifactKey: Guid(233ed2c3c57795e428932b6a36398fec) Importer(815301076,1909f56bfc062723c751e8b465ee728b)
Start importing Assets/Arts/gfx/NPC_test.png using Guid(233ed2c3c57795e428932b6a36398fec) Importer(815301076,1909f56bfc062723c751e8b465ee728b)  -> (artifact id: 'fdbdea50340ffee473f23ae3a6c6012b') in 0.011723 seconds 
  Import took 0.015034 seconds .

========================================================================
Received Import Request.
  Time since last request: 0.000144 seconds.
  path: Assets/Arts/gfx/Inner.png
  artifactKey: Guid(457d1ade8f441be428fdc1c3ed0912ce) Importer(815301076,1909f56bfc062723c751e8b465ee728b)
Start importing Assets/Arts/gfx/Inner.png using Guid(457d1ade8f441be428fdc1c3ed0912ce) Importer(815301076,1909f56bfc062723c751e8b465ee728b)  -> (artifact id: '02528dfdc71b4ca5b76ad2521c08086c') in 0.010669 seconds 
  Import took 0.013440 seconds .

========================================================================
Received Import Request.
  Time since last request: 0.000141 seconds.
  path: Assets/Arts/gfx/tileset.png
  artifactKey: Guid(6092738183c668a4d924383acaf9eb5f) Importer(815301076,1909f56bfc062723c751e8b465ee728b)
Start importing Assets/Arts/gfx/tileset.png using Guid(6092738183c668a4d924383acaf9eb5f) Importer(815301076,1909f56bfc062723c751e8b465ee728b)  -> (artifact id: 'fc3bc269628b3f2b74f71f28402332de') in 0.096850 seconds 
  Import took 0.099938 seconds .

========================================================================
Received Import Request.
  Time since last request: 0.000159 seconds.
  path: Assets/Arts/gfx/objects.png
  artifactKey: Guid(3ae12697ae504414bbf0797ea36dfddd) Importer(815301076,1909f56bfc062723c751e8b465ee728b)
Start importing Assets/Arts/gfx/objects.png using Guid(3ae12697ae504414bbf0797ea36dfddd) Importer(815301076,1909f56bfc062723c751e8b465ee728b)  -> (artifact id: 'ffb916c15def42caf03132f704aaa9cf') in 0.012304 seconds 
  Import took 0.015162 seconds .

========================================================================
Received Import Request.
  Time since last request: 0.000149 seconds.
  path: Assets/Arts/gfx/log.png
  artifactKey: Guid(ab399fa9a0252ec498e8d09938b87b2f) Importer(815301076,1909f56bfc062723c751e8b465ee728b)
Start importing Assets/Arts/gfx/log.png using Guid(ab399fa9a0252ec498e8d09938b87b2f) Importer(815301076,1909f56bfc062723c751e8b465ee728b)  -> (artifact id: '5c69a6c07deb4ff5f11c37f58331a79d') in 0.012209 seconds 
  Import took 0.015145 seconds .

========================================================================
Received Import Request.
  Time since last request: 0.000145 seconds.
  path: Assets/Arts/gfx/npc.png
  artifactKey: Guid(b97450aace0284742aa25e33eadf2ce2) Importer(815301076,1909f56bfc062723c751e8b465ee728b)
Start importing Assets/Arts/gfx/npc.png using Guid(b97450aace0284742aa25e33eadf2ce2) Importer(815301076,1909f56bfc062723c751e8b465ee728b)  -> (artifact id: 'ac46cb434bab2d2973723b3d257f1533') in 0.011626 seconds 
  Import took 0.014622 seconds .

========================================================================
Received Import Request.
  Time since last request: 66.365475 seconds.
  path: Assets/Arts/Pokemons
  artifactKey: Guid(b34f9de7607024d49bf528960093e228) Importer(815301076,1909f56bfc062723c751e8b465ee728b)
Start importing Assets/Arts/Pokemons using Guid(b34f9de7607024d49bf528960093e228) Importer(815301076,1909f56bfc062723c751e8b465ee728b)  -> (artifact id: '60de2f3ccfde47cc84930809ca8c603c') in 0.007229 seconds 
  Import took 0.010467 seconds .

========================================================================
Received Import Request.
  Time since last request: 82.209289 seconds.
  path: Assets/Arts/gfx/basic_colors.png
  artifactKey: Guid(a83efbd97cfe1184abff15be93a817c4) Importer(815301076,1909f56bfc062723c751e8b465ee728b)
Start importing Assets/Arts/gfx/basic_colors.png using Guid(a83efbd97cfe1184abff15be93a817c4) Importer(815301076,1909f56bfc062723c751e8b465ee728b)  -> (artifact id: 'dbc4a6d61fc83324a6b80b41a66dd898') in 0.010379 seconds 
  Import took 0.013936 seconds .

========================================================================
Received Import Request.
  Time since last request: 0.000138 seconds.
  path: Assets/Arts/gfx/Overworld.png
  artifactKey: Guid(cb3a56e86b2bb9c4991509ad74cde6ad) Importer(815301076,1909f56bfc062723c751e8b465ee728b)
Start importing Assets/Arts/gfx/Overworld.png using Guid(cb3a56e86b2bb9c4991509ad74cde6ad) Importer(815301076,1909f56bfc062723c751e8b465ee728b)  -> (artifact id: 'e49971d729f9470e894e392a07e3566b') in 1.253538 seconds 
  Import took 1.260060 seconds .

========================================================================
Received Import Request.
  Time since last request: 0.000175 seconds.
  path: Assets/Arts/gfx/cave.png
  artifactKey: Guid(7a226a989b1bda7439086c5777172e91) Importer(815301076,1909f56bfc062723c751e8b465ee728b)
Start importing Assets/Arts/gfx/cave.png using Guid(7a226a989b1bda7439086c5777172e91) Importer(815301076,1909f56bfc062723c751e8b465ee728b)  -> (artifact id: '9f9c89c6f44c8f3efbac3c5b244516f7') in 0.009039 seconds 
  Import took 0.012134 seconds .

========================================================================
Received Import Request.
  Time since last request: 0.000157 seconds.
  path: Assets/Arts/gfx/font.png
  artifactKey: Guid(b8cbe706126619d40903c50fb9d63dd1) Importer(815301076,1909f56bfc062723c751e8b465ee728b)
Start importing Assets/Arts/gfx/font.png using Guid(b8cbe706126619d40903c50fb9d63dd1) Importer(815301076,1909f56bfc062723c751e8b465ee728b)  -> (artifact id: 'dc0cae82487113c7975b4ac5627022bc') in 0.009967 seconds 
  Import took 0.012911 seconds .

========================================================================
Received Import Request.
  Time since last request: 0.000191 seconds.
  path: Assets/Arts/gfx/character.png
  artifactKey: Guid(3111f23cd57d2be48b2ee6bac4a23588) Importer(815301076,1909f56bfc062723c751e8b465ee728b)
Start importing Assets/Arts/gfx/character.png using Guid(3111f23cd57d2be48b2ee6bac4a23588) Importer(815301076,1909f56bfc062723c751e8b465ee728b)  -> (artifact id: '82a7a9b625b0a709c1ec4e0ab2479b3c') in 0.109341 seconds 
  Import took 0.112552 seconds .

========================================================================
Received Import Request.
  Time since last request: 0.000148 seconds.
  path: Assets/Arts/gfx/NPC_test.png
  artifactKey: Guid(233ed2c3c57795e428932b6a36398fec) Importer(815301076,1909f56bfc062723c751e8b465ee728b)
Start importing Assets/Arts/gfx/NPC_test.png using Guid(233ed2c3c57795e428932b6a36398fec) Importer(815301076,1909f56bfc062723c751e8b465ee728b)  -> (artifact id: '01596a1fa2c7906ea7bbe4a36f4ab6bc') in 0.009552 seconds 
  Import took 0.014565 seconds .

========================================================================
Received Import Request.
  Time since last request: 0.000416 seconds.
  path: Assets/Arts/gfx/Inner.png
  artifactKey: Guid(457d1ade8f441be428fdc1c3ed0912ce) Importer(815301076,1909f56bfc062723c751e8b465ee728b)
Start importing Assets/Arts/gfx/Inner.png using Guid(457d1ade8f441be428fdc1c3ed0912ce) Importer(815301076,1909f56bfc062723c751e8b465ee728b)  -> (artifact id: '5ae7cea26ba636c49ed53168689cae49') in 0.009913 seconds 
  Import took 0.014174 seconds .

========================================================================
Received Import Request.
  Time since last request: 0.000179 seconds.
  path: Assets/Arts/gfx/tileset.png
  artifactKey: Guid(6092738183c668a4d924383acaf9eb5f) Importer(815301076,1909f56bfc062723c751e8b465ee728b)
Start importing Assets/Arts/gfx/tileset.png using Guid(6092738183c668a4d924383acaf9eb5f) Importer(815301076,1909f56bfc062723c751e8b465ee728b)  -> (artifact id: 'ea409a7c22d158fadd68c3a30cd22b9c') in 0.113957 seconds 
  Import took 0.117835 seconds .

========================================================================
Received Import Request.
  Time since last request: 0.000208 seconds.
  path: Assets/Arts/gfx/objects.png
  artifactKey: Guid(3ae12697ae504414bbf0797ea36dfddd) Importer(815301076,1909f56bfc062723c751e8b465ee728b)
Start importing Assets/Arts/gfx/objects.png using Guid(3ae12697ae504414bbf0797ea36dfddd) Importer(815301076,1909f56bfc062723c751e8b465ee728b)  -> (artifact id: 'e366fcec3cb80d8082eade94a716dbe8') in 0.013467 seconds 
  Import took 0.017157 seconds .

========================================================================
Received Import Request.
  Time since last request: 0.000164 seconds.
  path: Assets/Arts/gfx/log.png
  artifactKey: Guid(ab399fa9a0252ec498e8d09938b87b2f) Importer(815301076,1909f56bfc062723c751e8b465ee728b)
Start importing Assets/Arts/gfx/log.png using Guid(ab399fa9a0252ec498e8d09938b87b2f) Importer(815301076,1909f56bfc062723c751e8b465ee728b)  -> (artifact id: '98a97920c270e37736fbf882a22b31ae') in 0.010023 seconds 
  Import took 0.013169 seconds .

========================================================================
Received Import Request.
  Time since last request: 0.000290 seconds.
  path: Assets/Arts/gfx/npc.png
  artifactKey: Guid(b97450aace0284742aa25e33eadf2ce2) Importer(815301076,1909f56bfc062723c751e8b465ee728b)
Start importing Assets/Arts/gfx/npc.png using Guid(b97450aace0284742aa25e33eadf2ce2) Importer(815301076,1909f56bfc062723c751e8b465ee728b)  -> (artifact id: '9c703eb557353344360c653c7a009e39') in 0.011158 seconds 
  Import took 0.014879 seconds .

========================================================================
Received Import Request.
  Time since last request: 191.848779 seconds.
  path: Assets/Arts/Items
  artifactKey: Guid(aa401d5a065b7b4409699ad6536caf09) Importer(815301076,1909f56bfc062723c751e8b465ee728b)
Start importing Assets/Arts/Items using Guid(aa401d5a065b7b4409699ad6536caf09) Importer(815301076,1909f56bfc062723c751e8b465ee728b)  -> (artifact id: 'f0a047a5bc7f4cdc341467f01fe107b9') in 0.005455 seconds 
  Import took 0.008707 seconds .

========================================================================
Received Import Request.
  Time since last request: 1.434078 seconds.
  path: Assets/Arts/Items/balls.png
  artifactKey: Guid(f64ca9a0e50d2214aa7054deb58e16bc) Importer(815301076,1909f56bfc062723c751e8b465ee728b)
Start importing Assets/Arts/Items/balls.png using Guid(f64ca9a0e50d2214aa7054deb58e16bc) Importer(815301076,1909f56bfc062723c751e8b465ee728b)  -> (artifact id: '7973e36481718e081b3d8c4ebd662efb') in 0.032784 seconds 
  Import took 0.036627 seconds .

========================================================================
Received Import Request.
  Time since last request: 0.000233 seconds.
  path: Assets/Arts/Items/potion_tileset.png
  artifactKey: Guid(53ad7906e1c067845b1807b0d8ebc3af) Importer(815301076,1909f56bfc062723c751e8b465ee728b)
Start importing Assets/Arts/Items/potion_tileset.png using Guid(53ad7906e1c067845b1807b0d8ebc3af) Importer(815301076,1909f56bfc062723c751e8b465ee728b)  -> (artifact id: '25909cac3a2dda07056b1447b7338c63') in 0.022530 seconds 
  Import took 0.025798 seconds .

========================================================================
Received Import Request.
  Time since last request: 36.790026 seconds.
  path: Assets/Tiles
  artifactKey: Guid(a3b8e093fbccf634590a78b5533e2176) Importer(815301076,1909f56bfc062723c751e8b465ee728b)
Start importing Assets/Tiles using Guid(a3b8e093fbccf634590a78b5533e2176) Importer(815301076,1909f56bfc062723c751e8b465ee728b)  -> (artifact id: '54cc2afce76b54038fa87ce56ef02368') in 0.006436 seconds 
  Import took 0.010296 seconds .

========================================================================
Received Import Request.
  Time since last request: 53.617159 seconds.
  path: Assets/Tiles/Background.prefab
  artifactKey: Guid(c4652db3d8b60cb4bb72d062e3855854) Importer(815301076,1909f56bfc062723c751e8b465ee728b)
Start importing Assets/Tiles/Background.prefab using Guid(c4652db3d8b60cb4bb72d062e3855854) Importer(815301076,1909f56bfc062723c751e8b465ee728b)  -> (artifact id: '79248c03c8cb7650114a5c16d17cdc59') in 0.030530 seconds 
  Import took 0.033994 seconds .

========================================================================
Received Import Request.
  Time since last request: 140.072284 seconds.
  path: Assets/Tiles/Background.prefab
  artifactKey: Guid(c4652db3d8b60cb4bb72d062e3855854) Importer(815301076,1909f56bfc062723c751e8b465ee728b)
Start importing Assets/Tiles/Background.prefab using Guid(c4652db3d8b60cb4bb72d062e3855854) Importer(815301076,1909f56bfc062723c751e8b465ee728b)  -> (artifact id: '91cd844eb20a95358cbbf87608f86aff') in 0.033211 seconds 
  Import took 0.037466 seconds .

========================================================================
Received Import Request.
  Time since last request: 0.000155 seconds.
  path: Assets/Tiles/tileset_19.asset
  artifactKey: Guid(18d15c9e3cced8849b17ab6e32ea4edc) Importer(815301076,1909f56bfc062723c751e8b465ee728b)
Start importing Assets/Tiles/tileset_19.asset using Guid(18d15c9e3cced8849b17ab6e32ea4edc) Importer(815301076,1909f56bfc062723c751e8b465ee728b)  -> (artifact id: 'd8775d503eb259f84f079c754800ccbe') in 0.014697 seconds 
  Import took 0.017883 seconds .

========================================================================
Received Import Request.
  Time since last request: 0.000143 seconds.
  path: Assets/Tiles/tileset_97.asset
  artifactKey: Guid(545931a5f8b2b0d4a94134441b1ee49c) Importer(815301076,1909f56bfc062723c751e8b465ee728b)
Start importing Assets/Tiles/tileset_97.asset using Guid(545931a5f8b2b0d4a94134441b1ee49c) Importer(815301076,1909f56bfc062723c751e8b465ee728b)  -> (artifact id: '03c51ed5f8ffecd7d6702f01fae86737') in 0.012683 seconds 
  Import took 0.015430 seconds .

========================================================================
Received Import Request.
  Time since last request: 0.000130 seconds.
  path: Assets/Tiles/tileset_53.asset
  artifactKey: Guid(5ddf75141e9aeb4469950f4f3c25cf9f) Importer(815301076,1909f56bfc062723c751e8b465ee728b)
Start importing Assets/Tiles/tileset_53.asset using Guid(5ddf75141e9aeb4469950f4f3c25cf9f) Importer(815301076,1909f56bfc062723c751e8b465ee728b)  -> (artifact id: '2ae07b11cb585b37ecdec0411e285129') in 0.009658 seconds 
  Import took 0.012577 seconds .

========================================================================
Received Import Request.
  Time since last request: 0.000125 seconds.
  path: Assets/Tiles/tileset_45.asset
  artifactKey: Guid(46358823f6a77c44e81d58def6b68a90) Importer(815301076,1909f56bfc062723c751e8b465ee728b)
Start importing Assets/Tiles/tileset_45.asset using Guid(46358823f6a77c44e81d58def6b68a90) Importer(815301076,1909f56bfc062723c751e8b465ee728b)  -> (artifact id: '65df59f78bb1d795c3227efa2bab8abb') in 0.009708 seconds 
  Import took 0.012726 seconds .

========================================================================
Received Import Request.
  Time since last request: 0.000149 seconds.
  path: Assets/Tiles/tileset_79.asset
  artifactKey: Guid(304c4a7ee773b5544b8db6de5a58945f) Importer(815301076,1909f56bfc062723c751e8b465ee728b)
Start importing Assets/Tiles/tileset_79.asset using Guid(304c4a7ee773b5544b8db6de5a58945f) Importer(815301076,1909f56bfc062723c751e8b465ee728b)  -> (artifact id: 'a48143946e3bce3fb24898f5a329cb92') in 0.010181 seconds 
  Import took 0.013522 seconds .

========================================================================
Received Import Request.
  Time since last request: 0.000163 seconds.
  path: Assets/Tiles/tileset_7.asset
  artifactKey: Guid(2f43d2ac48280734f9e665b2ed6e9e11) Importer(815301076,1909f56bfc062723c751e8b465ee728b)
Start importing Assets/Tiles/tileset_7.asset using Guid(2f43d2ac48280734f9e665b2ed6e9e11) Importer(815301076,1909f56bfc062723c751e8b465ee728b)  -> (artifact id: '40d4112e7f68dd805433aaf49b27e534') in 0.010460 seconds 
  Import took 0.013587 seconds .

========================================================================
Received Import Request.
  Time since last request: 0.000142 seconds.
  path: Assets/Tiles/tileset_0.asset
  artifactKey: Guid(44450c164302c104891fbfa9be2242c8) Importer(815301076,1909f56bfc062723c751e8b465ee728b)
Start importing Assets/Tiles/tileset_0.asset using Guid(44450c164302c104891fbfa9be2242c8) Importer(815301076,1909f56bfc062723c751e8b465ee728b)  -> (artifact id: '0c0d7465cbe0d38aa7805994f922a84a') in 0.009071 seconds 
  Import took 0.012342 seconds .

========================================================================
Received Import Request.
  Time since last request: 0.000166 seconds.
  path: Assets/Tiles/tileset_31.asset
  artifactKey: Guid(82163ae3a952bcd44af86669de1e980a) Importer(815301076,1909f56bfc062723c751e8b465ee728b)
Start importing Assets/Tiles/tileset_31.asset using Guid(82163ae3a952bcd44af86669de1e980a) Importer(815301076,1909f56bfc062723c751e8b465ee728b)  -> (artifact id: '473f88dd7edf758d0e4c2ed5c1fa32ba') in 0.008184 seconds 
  Import took 0.011025 seconds .

========================================================================
Received Import Request.
  Time since last request: 0.000129 seconds.
  path: Assets/Tiles/tileset_94.asset
  artifactKey: Guid(c95b405eb5820de40924a91932480cdb) Importer(815301076,1909f56bfc062723c751e8b465ee728b)
Start importing Assets/Tiles/tileset_94.asset using Guid(c95b405eb5820de40924a91932480cdb) Importer(815301076,1909f56bfc062723c751e8b465ee728b)  -> (artifact id: '80cef855e38126daead8a9d717da392f') in 0.012022 seconds 
  Import took 0.015308 seconds .

========================================================================
Received Import Request.
  Time since last request: 0.000149 seconds.
  path: Assets/Tiles/tileset_40.asset
  artifactKey: Guid(e86c8e8d621ba3142871b4b6b97447da) Importer(815301076,1909f56bfc062723c751e8b465ee728b)
Start importing Assets/Tiles/tileset_40.asset using Guid(e86c8e8d621ba3142871b4b6b97447da) Importer(815301076,1909f56bfc062723c751e8b465ee728b)  -> (artifact id: '41d68010544d3a3635c84b7e574ec15d') in 0.011711 seconds 
  Import took 0.014745 seconds .

========================================================================
Received Import Request.
  Time since last request: 0.000159 seconds.
  path: Assets/Tiles/tileset_87.asset
  artifactKey: Guid(a5a65de9171ff504bba84fa4230f83ba) Importer(815301076,1909f56bfc062723c751e8b465ee728b)
Start importing Assets/Tiles/tileset_87.asset using Guid(a5a65de9171ff504bba84fa4230f83ba) Importer(815301076,1909f56bfc062723c751e8b465ee728b)  -> (artifact id: 'd9dbeeeed7c95c2c6b3884d4941bd620') in 0.008597 seconds 
  Import took 0.011805 seconds .

========================================================================
Received Import Request.
  Time since last request: 0.000128 seconds.
  path: Assets/Tiles/tileset_74.asset
  artifactKey: Guid(cd29f345032d3624180d1372ddd350e6) Importer(815301076,1909f56bfc062723c751e8b465ee728b)
Start importing Assets/Tiles/tileset_74.asset using Guid(cd29f345032d3624180d1372ddd350e6) Importer(815301076,1909f56bfc062723c751e8b465ee728b)  -> (artifact id: 'e989f612ef28e14b2601aa21b4d7e155') in 0.010451 seconds 
  Import took 0.013175 seconds .

========================================================================
Received Import Request.
  Time since last request: 0.000141 seconds.
  path: Assets/Tiles/tileset_26.asset
  artifactKey: Guid(717c0f2654ed7374a80758c1b8f511d8) Importer(815301076,1909f56bfc062723c751e8b465ee728b)
Start importing Assets/Tiles/tileset_26.asset using Guid(717c0f2654ed7374a80758c1b8f511d8) Importer(815301076,1909f56bfc062723c751e8b465ee728b)  -> (artifact id: '07fc0eb03d74d49aa46712d5a547e3f8') in 0.011797 seconds 
  Import took 0.014555 seconds .

========================================================================
Received Import Request.
  Time since last request: 0.000135 seconds.
  path: Assets/Tiles/tileset_63.asset
  artifactKey: Guid(24dcc47e0266d884da9206c0f2747a93) Importer(815301076,1909f56bfc062723c751e8b465ee728b)
Start importing Assets/Tiles/tileset_63.asset using Guid(24dcc47e0266d884da9206c0f2747a93) Importer(815301076,1909f56bfc062723c751e8b465ee728b)  -> (artifact id: 'c627e2fa4e1ddf4d82389ae6dbdfc8b6') in 0.010269 seconds 
  Import took 0.013088 seconds .

========================================================================
Received Import Request.
  Time since last request: 0.000150 seconds.
  path: Assets/Tiles/tileset_2.asset
  artifactKey: Guid(410031aaa03a2254892c599292d11138) Importer(815301076,1909f56bfc062723c751e8b465ee728b)
Start importing Assets/Tiles/tileset_2.asset using Guid(410031aaa03a2254892c599292d11138) Importer(815301076,1909f56bfc062723c751e8b465ee728b)  -> (artifact id: '779d540811c291908da1c18f3c4babb9') in 0.012888 seconds 
  Import took 0.015932 seconds .

========================================================================
Received Import Request.
  Time since last request: 0.000156 seconds.
  path: Assets/Tiles/tileset_51.asset
  artifactKey: Guid(6be60e0504bc1c94db844eca111fa5c8) Importer(815301076,1909f56bfc062723c751e8b465ee728b)
Start importing Assets/Tiles/tileset_51.asset using Guid(6be60e0504bc1c94db844eca111fa5c8) Importer(815301076,1909f56bfc062723c751e8b465ee728b)  -> (artifact id: 'b40f8f2aaf8dcc7f6b899ac19c45dc34') in 0.012829 seconds 
  Import took 0.015767 seconds .

========================================================================
Received Import Request.
  Time since last request: 0.000164 seconds.
  path: Assets/Tiles/tileset_82.asset
  artifactKey: Guid(e5ce3d0c7ae2a3b4491ca1b558d22604) Importer(815301076,1909f56bfc062723c751e8b465ee728b)
Start importing Assets/Tiles/tileset_82.asset using Guid(e5ce3d0c7ae2a3b4491ca1b558d22604) Importer(815301076,1909f56bfc062723c751e8b465ee728b)  -> (artifact id: '45b9b08587185b310c5c30bc0b00d279') in 0.013632 seconds 
  Import took 0.016749 seconds .

========================================================================
Received Import Request.
  Time since last request: 0.000197 seconds.
  path: Assets/Tiles/tileset_35.asset
  artifactKey: Guid(519041e59369cce47ac570a663947712) Importer(815301076,1909f56bfc062723c751e8b465ee728b)
Start importing Assets/Tiles/tileset_35.asset using Guid(519041e59369cce47ac570a663947712) Importer(815301076,1909f56bfc062723c751e8b465ee728b)  -> (artifact id: '5ab8149822c633f669544134a8c6d905') in 0.012179 seconds 
  Import took 0.015143 seconds .

========================================================================
Received Import Request.
  Time since last request: 0.000149 seconds.
  path: Assets/Tiles/tileset_93.asset
  artifactKey: Guid(908fc39347280974097f337b0164a1ea) Importer(815301076,1909f56bfc062723c751e8b465ee728b)
Start importing Assets/Tiles/tileset_93.asset using Guid(908fc39347280974097f337b0164a1ea) Importer(815301076,1909f56bfc062723c751e8b465ee728b)  -> (artifact id: 'a252068719a38f244aac3b3129a3b4c2') in 0.014029 seconds 
  Import took 0.017033 seconds .

========================================================================
Received Import Request.
  Time since last request: 0.000132 seconds.
  path: Assets/Tiles/tileset_47.asset
  artifactKey: Guid(01f7045dea4ca0f4eba6a849a543ad16) Importer(815301076,1909f56bfc062723c751e8b465ee728b)
Start importing Assets/Tiles/tileset_47.asset using Guid(01f7045dea4ca0f4eba6a849a543ad16) Importer(815301076,1909f56bfc062723c751e8b465ee728b)  -> (artifact id: 'a5f76d52d74efc4d3bdfc4e21b1d5108') in 0.011563 seconds 
  Import took 0.014348 seconds .

========================================================================
Received Import Request.
  Time since last request: 0.000144 seconds.
  path: Assets/Tiles/tileset_17.asset
  artifactKey: Guid(dac502b69d0572244b8ad0e74d4430cd) Importer(815301076,1909f56bfc062723c751e8b465ee728b)
Start importing Assets/Tiles/tileset_17.asset using Guid(dac502b69d0572244b8ad0e74d4430cd) Importer(815301076,1909f56bfc062723c751e8b465ee728b)  -> (artifact id: 'b5bb30427ee22a571e533611142ac508') in 0.012368 seconds 
  Import took 0.015352 seconds .

========================================================================
Received Import Request.
  Time since last request: 0.000149 seconds.
  path: Assets/Tiles/tileset_22.asset
  artifactKey: Guid(2bd74107541b4534988d806ea95815dd) Importer(815301076,1909f56bfc062723c751e8b465ee728b)
Start importing Assets/Tiles/tileset_22.asset using Guid(2bd74107541b4534988d806ea95815dd) Importer(815301076,1909f56bfc062723c751e8b465ee728b)  -> (artifact id: 'f071e7e543043f35aa0d04ebcad3bdbe') in 0.010806 seconds 
  Import took 0.013655 seconds .

========================================================================
Received Import Request.
  Time since last request: 0.000149 seconds.
  path: Assets/Tiles/tileset_57.asset
  artifactKey: Guid(0e8c828a9573b7740b96262fca0a58db) Importer(815301076,1909f56bfc062723c751e8b465ee728b)
Start importing Assets/Tiles/tileset_57.asset using Guid(0e8c828a9573b7740b96262fca0a58db) Importer(815301076,1909f56bfc062723c751e8b465ee728b)  -> (artifact id: 'f5672825ccdcd2c4147c80bad0cb3ae5') in 0.008031 seconds 
  Import took 0.010944 seconds .

========================================================================
Received Import Request.
  Time since last request: 0.000139 seconds.
  path: Assets/Tiles/tileset_12.asset
  artifactKey: Guid(02c5bd812e8d5fe468896b5e77693d72) Importer(815301076,1909f56bfc062723c751e8b465ee728b)
Start importing Assets/Tiles/tileset_12.asset using Guid(02c5bd812e8d5fe468896b5e77693d72) Importer(815301076,1909f56bfc062723c751e8b465ee728b)  -> (artifact id: 'd07eee4f054c4c6548286d10780f91dc') in 0.008171 seconds 
  Import took 0.011100 seconds .

========================================================================
Received Import Request.
  Time since last request: 0.000170 seconds.
  path: Assets/Tiles/tileset_18.asset
  artifactKey: Guid(05880ac775dcf65429b3953ebd272092) Importer(815301076,1909f56bfc062723c751e8b465ee728b)
Start importing Assets/Tiles/tileset_18.asset using Guid(05880ac775dcf65429b3953ebd272092) Importer(815301076,1909f56bfc062723c751e8b465ee728b)  -> (artifact id: 'f005ce96744e65f85c84a2d6f3ede60a') in 0.007926 seconds 
  Import took 0.011121 seconds .

========================================================================
Received Import Request.
  Time since last request: 0.000140 seconds.
  path: Assets/Tiles/tileset_34.asset
  artifactKey: Guid(90bb06daa4344c243b159a2991eb8c2e) Importer(815301076,1909f56bfc062723c751e8b465ee728b)
Start importing Assets/Tiles/tileset_34.asset using Guid(90bb06daa4344c243b159a2991eb8c2e) Importer(815301076,1909f56bfc062723c751e8b465ee728b)  -> (artifact id: 'f683eeaa53796225157cd252bb924424') in 0.009858 seconds 
  Import took 0.012643 seconds .

========================================================================
Received Import Request.
  Time since last request: 0.000141 seconds.
  path: Assets/Tiles/tileset_49.asset
  artifactKey: Guid(0b9f83e329bc5ae409b729218611393e) Importer(815301076,1909f56bfc062723c751e8b465ee728b)
Start importing Assets/Tiles/tileset_49.asset using Guid(0b9f83e329bc5ae409b729218611393e) Importer(815301076,1909f56bfc062723c751e8b465ee728b)  -> (artifact id: '93188bda9b14bfb2c562df0fc9067a37') in 0.008578 seconds 
  Import took 0.011685 seconds .

========================================================================
Received Import Request.
  Time since last request: 0.000133 seconds.
  path: Assets/Tiles/tileset_56.asset
  artifactKey: Guid(4a9a6d74e4e8a2149b07171530ff8152) Importer(815301076,1909f56bfc062723c751e8b465ee728b)
Start importing Assets/Tiles/tileset_56.asset using Guid(4a9a6d74e4e8a2149b07171530ff8152) Importer(815301076,1909f56bfc062723c751e8b465ee728b)  -> (artifact id: '91cad136c72c24fe443c564741ff4d55') in 0.008377 seconds 
  Import took 0.011249 seconds .

========================================================================
Received Import Request.
  Time since last request: 0.000145 seconds.
  path: Assets/Tiles/tileset_29.asset
  artifactKey: Guid(4cb4643178e1545418b8708a34ef86e3) Importer(815301076,1909f56bfc062723c751e8b465ee728b)
Start importing Assets/Tiles/tileset_29.asset using Guid(4cb4643178e1545418b8708a34ef86e3) Importer(815301076,1909f56bfc062723c751e8b465ee728b)  -> (artifact id: '3da937e183f95a8c76369dc95ccbad94') in 0.008023 seconds 
  Import took 0.010999 seconds .

========================================================================
Received Import Request.
  Time since last request: 0.000137 seconds.
  path: Assets/Tiles/tileset_60.asset
  artifactKey: Guid(f9fca32c3e7e98a4b9892acf98c6a4f1) Importer(815301076,1909f56bfc062723c751e8b465ee728b)
Start importing Assets/Tiles/tileset_60.asset using Guid(f9fca32c3e7e98a4b9892acf98c6a4f1) Importer(815301076,1909f56bfc062723c751e8b465ee728b)  -> (artifact id: 'f7603e7776c471883375dd3e8c85ccab') in 0.008461 seconds 
  Import took 0.011290 seconds .

========================================================================
Received Import Request.
  Time since last request: 0.000123 seconds.
  path: Assets/Tiles/tileset_66.asset
  artifactKey: Guid(6f151052cbadfa34a88ad7dece226c4c) Importer(815301076,1909f56bfc062723c751e8b465ee728b)
Start importing Assets/Tiles/tileset_66.asset using Guid(6f151052cbadfa34a88ad7dece226c4c) Importer(815301076,1909f56bfc062723c751e8b465ee728b)  -> (artifact id: '18ea0bb3d1be576f2133e340cad12875') in 0.007864 seconds 
  Import took 0.010599 seconds .

========================================================================
Received Import Request.
  Time since last request: 0.000145 seconds.
  path: Assets/Tiles/tileset_20.asset
  artifactKey: Guid(6b39c5040c29b4341af62e6144401ed9) Importer(815301076,1909f56bfc062723c751e8b465ee728b)
Start importing Assets/Tiles/tileset_20.asset using Guid(6b39c5040c29b4341af62e6144401ed9) Importer(815301076,1909f56bfc062723c751e8b465ee728b)  -> (artifact id: 'd8ec81bf6487eebf634bbdd347705542') in 0.008578 seconds 
  Import took 0.011635 seconds .

========================================================================
Received Import Request.
  Time since last request: 0.000134 seconds.
  path: Assets/Tiles/tileset_41.asset
  artifactKey: Guid(4bd8b7d6dcf407b49981b0ff6775e657) Importer(815301076,1909f56bfc062723c751e8b465ee728b)
Start importing Assets/Tiles/tileset_41.asset using Guid(4bd8b7d6dcf407b49981b0ff6775e657) Importer(815301076,1909f56bfc062723c751e8b465ee728b)  -> (artifact id: 'ed4e6d6bbe9dbfc12571ed7143852199') in 0.009011 seconds 
  Import took 0.011739 seconds .

========================================================================
Received Import Request.
  Time since last request: 0.000130 seconds.
  path: Assets/Tiles/tileset_27.asset
  artifactKey: Guid(06c63b05e817d2d46943a943bb1f8d70) Importer(815301076,1909f56bfc062723c751e8b465ee728b)
Start importing Assets/Tiles/tileset_27.asset using Guid(06c63b05e817d2d46943a943bb1f8d70) Importer(815301076,1909f56bfc062723c751e8b465ee728b)  -> (artifact id: '9870ab01982722dcd95c8358635272d2') in 0.008417 seconds 
  Import took 0.011223 seconds .

========================================================================
Received Import Request.
  Time since last request: 0.000160 seconds.
  path: Assets/Tiles/tileset_37.asset
  artifactKey: Guid(ed098c3dd16222b4aae42a2d8ce29220) Importer(815301076,1909f56bfc062723c751e8b465ee728b)
Start importing Assets/Tiles/tileset_37.asset using Guid(ed098c3dd16222b4aae42a2d8ce29220) Importer(815301076,1909f56bfc062723c751e8b465ee728b)  -> (artifact id: '1f26adf550a358b1b1bc5a5f8858bfd5') in 0.007759 seconds 
  Import took 0.010961 seconds .

========================================================================
Received Import Request.
  Time since last request: 0.000147 seconds.
  path: Assets/Tiles/tileset_65.asset
  artifactKey: Guid(8b654dcf43136764c8da404e27f9617f) Importer(815301076,1909f56bfc062723c751e8b465ee728b)
Start importing Assets/Tiles/tileset_65.asset using Guid(8b654dcf43136764c8da404e27f9617f) Importer(815301076,1909f56bfc062723c751e8b465ee728b)  -> (artifact id: 'c7be531ddf99d7e39822cf98f48ff663') in 0.008589 seconds 
  Import took 0.011811 seconds .

========================================================================
Received Import Request.
  Time since last request: 0.000138 seconds.
  path: Assets/Tiles/tileset_75.asset
  artifactKey: Guid(4a790e70416488e4aa8f04a265f2a0a0) Importer(815301076,1909f56bfc062723c751e8b465ee728b)
Start importing Assets/Tiles/tileset_75.asset using Guid(4a790e70416488e4aa8f04a265f2a0a0) Importer(815301076,1909f56bfc062723c751e8b465ee728b)  -> (artifact id: 'fe18b8688de2c572bd894c5e7849a820') in 0.008296 seconds 
  Import took 0.011019 seconds .

========================================================================
Received Import Request.
  Time since last request: 0.000141 seconds.
  path: Assets/Tiles/tileset_42.asset
  artifactKey: Guid(0c5400080374ff74289079d9f52f3065) Importer(815301076,1909f56bfc062723c751e8b465ee728b)
Start importing Assets/Tiles/tileset_42.asset using Guid(0c5400080374ff74289079d9f52f3065) Importer(815301076,1909f56bfc062723c751e8b465ee728b)  -> (artifact id: '3401090def6bfbf736e609a6803db0bc') in 0.007891 seconds 
  Import took 0.010742 seconds .

========================================================================
Received Import Request.
  Time since last request: 0.000157 seconds.
  path: Assets/Tiles/tileset_80.asset
  artifactKey: Guid(b640fadbab72e5644aeacd4a438ea55f) Importer(815301076,1909f56bfc062723c751e8b465ee728b)
Start importing Assets/Tiles/tileset_80.asset using Guid(b640fadbab72e5644aeacd4a438ea55f) Importer(815301076,1909f56bfc062723c751e8b465ee728b)  -> (artifact id: '7a1946093ffd69773f5ab92b9b984eb0') in 0.008145 seconds 
  Import took 0.011220 seconds .

========================================================================
Received Import Request.
  Time since last request: 0.000133 seconds.
  path: Assets/Tiles/tileset_14.asset
  artifactKey: Guid(5f2610aaecc16684ab8028e6dbd0a93d) Importer(815301076,1909f56bfc062723c751e8b465ee728b)
Start importing Assets/Tiles/tileset_14.asset using Guid(5f2610aaecc16684ab8028e6dbd0a93d) Importer(815301076,1909f56bfc062723c751e8b465ee728b)  -> (artifact id: '9411823249269c6d6f151923d44daf3f') in 0.008171 seconds 
  Import took 0.010907 seconds .

========================================================================
Received Import Request.
  Time since last request: 0.000131 seconds.
  path: Assets/Tiles/tileset_44.asset
  artifactKey: Guid(eae5b41e0ad5afb41a0091d50b8d7036) Importer(815301076,1909f56bfc062723c751e8b465ee728b)
Start importing Assets/Tiles/tileset_44.asset using Guid(eae5b41e0ad5afb41a0091d50b8d7036) Importer(815301076,1909f56bfc062723c751e8b465ee728b)  -> (artifact id: 'a994a4f48f2bf3f6ef65f7f3ca6ace4b') in 0.007994 seconds 
  Import took 0.010749 seconds .

========================================================================
Received Import Request.
  Time since last request: 0.000150 seconds.
  path: Assets/Tiles/tileset_86.asset
  artifactKey: Guid(5d3b090b3c2161f41b50cc9600c5260e) Importer(815301076,1909f56bfc062723c751e8b465ee728b)
Start importing Assets/Tiles/tileset_86.asset using Guid(5d3b090b3c2161f41b50cc9600c5260e) Importer(815301076,1909f56bfc062723c751e8b465ee728b)  -> (artifact id: '9b3f08ec137ceae6086630469c702319') in 0.008480 seconds 
  Import took 0.011636 seconds .

========================================================================
Received Import Request.
  Time since last request: 0.000175 seconds.
  path: Assets/Tiles/tileset_76.asset
  artifactKey: Guid(b47b007ee66e17740afbc5f2811081e0) Importer(815301076,1909f56bfc062723c751e8b465ee728b)
Start importing Assets/Tiles/tileset_76.asset using Guid(b47b007ee66e17740afbc5f2811081e0) Importer(815301076,1909f56bfc062723c751e8b465ee728b)  -> (artifact id: '040b64fe7288633b4a6a83f1b4586fb0') in 0.007789 seconds 
  Import took 0.011019 seconds .

========================================================================
Received Import Request.
  Time since last request: 0.000132 seconds.
  path: Assets/Tiles/tileset_71.asset
  artifactKey: Guid(497dc93846f89784ba7aa864b456ad04) Importer(815301076,1909f56bfc062723c751e8b465ee728b)
Start importing Assets/Tiles/tileset_71.asset using Guid(497dc93846f89784ba7aa864b456ad04) Importer(815301076,1909f56bfc062723c751e8b465ee728b)  -> (artifact id: '243337098dac3ed7f6ef9fb01ccf1b0d') in 0.008762 seconds 
  Import took 0.011552 seconds .

========================================================================
Received Import Request.
  Time since last request: 0.000144 seconds.
  path: Assets/Tiles/tileset_85.asset
  artifactKey: Guid(055c3bc2a1be74c48bd2e7a9706df91c) Importer(815301076,1909f56bfc062723c751e8b465ee728b)
Start importing Assets/Tiles/tileset_85.asset using Guid(055c3bc2a1be74c48bd2e7a9706df91c) Importer(815301076,1909f56bfc062723c751e8b465ee728b)  -> (artifact id: 'e35998fc1af048607b3b9c3223b0e28c') in 0.008018 seconds 
  Import took 0.011263 seconds .

========================================================================
Received Import Request.
  Time since last request: 0.000141 seconds.
  path: Assets/Tiles/tileset_21.asset
  artifactKey: Guid(9de356b8813a24941b0ce0e31151d174) Importer(815301076,1909f56bfc062723c751e8b465ee728b)
Start importing Assets/Tiles/tileset_21.asset using Guid(9de356b8813a24941b0ce0e31151d174) Importer(815301076,1909f56bfc062723c751e8b465ee728b)  -> (artifact id: 'd0eaa50a6c01e3489b08e8c58ecb0d87') in 0.008460 seconds 
  Import took 0.011285 seconds .

========================================================================
Received Import Request.
  Time since last request: 0.000158 seconds.
  path: Assets/Tiles/tileset_5.asset
  artifactKey: Guid(b0d4e55d50da8874691e8c7fd5875f8f) Importer(815301076,1909f56bfc062723c751e8b465ee728b)
Start importing Assets/Tiles/tileset_5.asset using Guid(b0d4e55d50da8874691e8c7fd5875f8f) Importer(815301076,1909f56bfc062723c751e8b465ee728b)  -> (artifact id: '6f8d90359eb90f8663b267a80503919f') in 0.007847 seconds 
  Import took 0.010920 seconds .

========================================================================
Received Import Request.
  Time since last request: 0.000134 seconds.
  path: Assets/Tiles/tileset_46.asset
  artifactKey: Guid(31bdc10fba1e2614d8d41f643942c3d4) Importer(815301076,1909f56bfc062723c751e8b465ee728b)
Start importing Assets/Tiles/tileset_46.asset using Guid(31bdc10fba1e2614d8d41f643942c3d4) Importer(815301076,1909f56bfc062723c751e8b465ee728b)  -> (artifact id: 'fa7432c6ce8803dd8e3d28cb099a9236') in 0.008636 seconds 
  Import took 0.011660 seconds .

========================================================================
Received Import Request.
  Time since last request: 0.000122 seconds.
  path: Assets/Tiles/tileset_58.asset
  artifactKey: Guid(a56e3a9521ee1e046b154a386a24d3eb) Importer(815301076,1909f56bfc062723c751e8b465ee728b)
Start importing Assets/Tiles/tileset_58.asset using Guid(a56e3a9521ee1e046b154a386a24d3eb) Importer(815301076,1909f56bfc062723c751e8b465ee728b)  -> (artifact id: 'd4d58fe1554007d188c74d3cdf0daee1') in 0.007694 seconds 
  Import took 0.010575 seconds .

========================================================================
Received Import Request.
  Time since last request: 0.000171 seconds.
  path: Assets/Tiles/tileset_38.asset
  artifactKey: Guid(d092fd99882cce447833434545037bf6) Importer(815301076,1909f56bfc062723c751e8b465ee728b)
Start importing Assets/Tiles/tileset_38.asset using Guid(d092fd99882cce447833434545037bf6) Importer(815301076,1909f56bfc062723c751e8b465ee728b)  -> (artifact id: '613e5673b764d2cfe1d194c76ba8c34d') in 0.008101 seconds 
  Import took 0.011067 seconds .

========================================================================
Received Import Request.
  Time since last request: 0.000132 seconds.
  path: Assets/Tiles/tileset_64.asset
  artifactKey: Guid(57d01da6eedbe464d84677e8c287e728) Importer(815301076,1909f56bfc062723c751e8b465ee728b)
Start importing Assets/Tiles/tileset_64.asset using Guid(57d01da6eedbe464d84677e8c287e728) Importer(815301076,1909f56bfc062723c751e8b465ee728b)  -> (artifact id: '02b029ad52e88c652606cb72c4e4eb13') in 0.008038 seconds 
  Import took 0.010932 seconds .

========================================================================
Received Import Request.
  Time since last request: 0.000142 seconds.
  path: Assets/Tiles/tileset_55.asset
  artifactKey: Guid(dd0e4e9d0502f9842b90f381974d9120) Importer(815301076,1909f56bfc062723c751e8b465ee728b)
Start importing Assets/Tiles/tileset_55.asset using Guid(dd0e4e9d0502f9842b90f381974d9120) Importer(815301076,1909f56bfc062723c751e8b465ee728b)  -> (artifact id: '650e006167856e968c08bdee6772d22f') in 0.008528 seconds 
  Import took 0.011351 seconds .

========================================================================
Received Import Request.
  Time since last request: 0.000132 seconds.
  path: Assets/Tiles/tileset_24.asset
  artifactKey: Guid(b8729e4210d753a44b08e16a5d9c6c29) Importer(815301076,1909f56bfc062723c751e8b465ee728b)
Start importing Assets/Tiles/tileset_24.asset using Guid(b8729e4210d753a44b08e16a5d9c6c29) Importer(815301076,1909f56bfc062723c751e8b465ee728b)  -> (artifact id: 'e4e82ff5516755ae132848894b29d3cf') in 0.007536 seconds 
  Import took 0.010358 seconds .

========================================================================
Received Import Request.
  Time since last request: 0.000160 seconds.
  path: Assets/Tiles/tileset_83.asset
  artifactKey: Guid(edfea4c3ac64be24894e8cfc7c4c42e2) Importer(815301076,1909f56bfc062723c751e8b465ee728b)
Start importing Assets/Tiles/tileset_83.asset using Guid(edfea4c3ac64be24894e8cfc7c4c42e2) Importer(815301076,1909f56bfc062723c751e8b465ee728b)  -> (artifact id: '94f6e921082f3b89d065c66511973262') in 0.008029 seconds 
  Import took 0.011099 seconds .

========================================================================
Received Import Request.
  Time since last request: 0.000138 seconds.
  path: Assets/Tiles/tileset_61.asset
  artifactKey: Guid(1c046a0bf5b1720449ac35bf1b5783bd) Importer(815301076,1909f56bfc062723c751e8b465ee728b)
Start importing Assets/Tiles/tileset_61.asset using Guid(1c046a0bf5b1720449ac35bf1b5783bd) Importer(815301076,1909f56bfc062723c751e8b465ee728b)  -> (artifact id: 'f2cf2c7a75f2542eca58addd703a1978') in 0.008580 seconds 
  Import took 0.011611 seconds .

========================================================================
Received Import Request.
  Time since last request: 0.000124 seconds.
  path: Assets/Tiles/tileset_30.asset
  artifactKey: Guid(91692555e70a7004192f3c6f57bf21a3) Importer(815301076,1909f56bfc062723c751e8b465ee728b)
Start importing Assets/Tiles/tileset_30.asset using Guid(91692555e70a7004192f3c6f57bf21a3) Importer(815301076,1909f56bfc062723c751e8b465ee728b)  -> (artifact id: 'dd234ef00e23b208e2bbc49dc3b2e041') in 0.008546 seconds 
  Import took 0.011255 seconds .

========================================================================
Received Import Request.
  Time since last request: 0.000135 seconds.
  path: Assets/Tiles/tileset_50.asset
  artifactKey: Guid(a0277738d8b58d14480ed3471a9bb383) Importer(815301076,1909f56bfc062723c751e8b465ee728b)
Start importing Assets/Tiles/tileset_50.asset using Guid(a0277738d8b58d14480ed3471a9bb383) Importer(815301076,1909f56bfc062723c751e8b465ee728b)  -> (artifact id: '29b43124e25a75f61c6ce938a85d2d48') in 0.007937 seconds 
  Import took 0.010811 seconds .

========================================================================
Received Import Request.
  Time since last request: 0.000141 seconds.
  path: Assets/Tiles/tileset_28.asset
  artifactKey: Guid(c755c1541aab3dc4c9d133aa3b7c87c4) Importer(815301076,1909f56bfc062723c751e8b465ee728b)
Start importing Assets/Tiles/tileset_28.asset using Guid(c755c1541aab3dc4c9d133aa3b7c87c4) Importer(815301076,1909f56bfc062723c751e8b465ee728b)  -> (artifact id: '13e0d15dc9b1794eb273432b075b9f8a') in 0.008075 seconds 
  Import took 0.011003 seconds .

========================================================================
Received Import Request.
  Time since last request: 0.000132 seconds.
  path: Assets/Tiles/tileset_6.asset
  artifactKey: Guid(531db13b41a612a46a0cee8a109ac00d) Importer(815301076,1909f56bfc062723c751e8b465ee728b)
Start importing Assets/Tiles/tileset_6.asset using Guid(531db13b41a612a46a0cee8a109ac00d) Importer(815301076,1909f56bfc062723c751e8b465ee728b)  -> (artifact id: '92884d51e4bb40d07c526573de35318c') in 0.007821 seconds 
  Import took 0.010633 seconds .

========================================================================
Received Import Request.
  Time since last request: 0.000144 seconds.
  path: Assets/Tiles/tileset_73.asset
  artifactKey: Guid(8cdff4fe711b2144cb5859840e673435) Importer(815301076,1909f56bfc062723c751e8b465ee728b)
Start importing Assets/Tiles/tileset_73.asset using Guid(8cdff4fe711b2144cb5859840e673435) Importer(815301076,1909f56bfc062723c751e8b465ee728b)  -> (artifact id: '7df0a14bae210744ae6c59e0a891aae9') in 0.008413 seconds 
  Import took 0.011158 seconds .

========================================================================
Received Import Request.
  Time since last request: 0.000132 seconds.
  path: Assets/Tiles/tileset_8.asset
  artifactKey: Guid(f2643174658854c419c4a86c8dd6a0d6) Importer(815301076,1909f56bfc062723c751e8b465ee728b)
Start importing Assets/Tiles/tileset_8.asset using Guid(f2643174658854c419c4a86c8dd6a0d6) Importer(815301076,1909f56bfc062723c751e8b465ee728b)  -> (artifact id: '5ebd333a51e95f3a5ff4a5023c080c36') in 0.008561 seconds 
  Import took 0.011557 seconds .

========================================================================
Received Import Request.
  Time since last request: 0.000130 seconds.
  path: Assets/Tiles/tileset_89.asset
  artifactKey: Guid(8f087a8f454fd6746abefdbce3c7cb1e) Importer(815301076,1909f56bfc062723c751e8b465ee728b)
Start importing Assets/Tiles/tileset_89.asset using Guid(8f087a8f454fd6746abefdbce3c7cb1e) Importer(815301076,1909f56bfc062723c751e8b465ee728b)  -> (artifact id: '22fde4db0fa90ac6fd97a9e3d357fc06') in 0.008113 seconds 
  Import took 0.010988 seconds .

========================================================================
Received Import Request.
  Time since last request: 0.000150 seconds.
  path: Assets/Tiles/tileset_9.asset
  artifactKey: Guid(17728a3423342494db1b5a1e8a56e21b) Importer(815301076,1909f56bfc062723c751e8b465ee728b)
Start importing Assets/Tiles/tileset_9.asset using Guid(17728a3423342494db1b5a1e8a56e21b) Importer(815301076,1909f56bfc062723c751e8b465ee728b)  -> (artifact id: 'd91b458aed677623f8cad340d871a154') in 0.007856 seconds 
  Import took 0.010691 seconds .

========================================================================
Received Import Request.
  Time since last request: 0.000130 seconds.
  path: Assets/Tiles/tileset_90.asset
  artifactKey: Guid(194df132e68380f4cbc37ab75e48afef) Importer(815301076,1909f56bfc062723c751e8b465ee728b)
Start importing Assets/Tiles/tileset_90.asset using Guid(194df132e68380f4cbc37ab75e48afef) Importer(815301076,1909f56bfc062723c751e8b465ee728b)  -> (artifact id: '05e714aa1608fdc5f8a8fc82785f4441') in 0.009155 seconds 
  Import took 0.012030 seconds .

========================================================================
Received Import Request.
  Time since last request: 0.000132 seconds.
  path: Assets/Tiles/tileset_92.asset
  artifactKey: Guid(4270d5aa30bb0fe488cb531ed6db3216) Importer(815301076,1909f56bfc062723c751e8b465ee728b)
Start importing Assets/Tiles/tileset_92.asset using Guid(4270d5aa30bb0fe488cb531ed6db3216) Importer(815301076,1909f56bfc062723c751e8b465ee728b)  -> (artifact id: 'b7c3aaea9f7ddc174e31c2618ea8ab54') in 0.008134 seconds 
  Import took 0.010851 seconds .

========================================================================
Received Import Request.
  Time since last request: 0.000142 seconds.
  path: Assets/Tiles/tileset_13.asset
  artifactKey: Guid(55b56b330a663b44d824c957388ed294) Importer(815301076,1909f56bfc062723c751e8b465ee728b)
Start importing Assets/Tiles/tileset_13.asset using Guid(55b56b330a663b44d824c957388ed294) Importer(815301076,1909f56bfc062723c751e8b465ee728b)  -> (artifact id: '6d1069e21af7767dfc8966f03d21aae8') in 0.008101 seconds 
  Import took 0.011003 seconds .

========================================================================
Received Import Request.
  Time since last request: 0.000139 seconds.
  path: Assets/Tiles/tileset_88.asset
  artifactKey: Guid(a99b03d1cfb910344b11f048b6e5dac9) Importer(815301076,1909f56bfc062723c751e8b465ee728b)
Start importing Assets/Tiles/tileset_88.asset using Guid(a99b03d1cfb910344b11f048b6e5dac9) Importer(815301076,1909f56bfc062723c751e8b465ee728b)  -> (artifact id: '416600391bc7dd0a2ea148af8dbc995b') in 0.008738 seconds 
  Import took 0.011872 seconds .

========================================================================
Received Import Request.
  Time since last request: 0.000162 seconds.
  path: Assets/Tiles/tileset_91.asset
  artifactKey: Guid(59ea642121330d2478352e0252831a89) Importer(815301076,1909f56bfc062723c751e8b465ee728b)
Start importing Assets/Tiles/tileset_91.asset using Guid(59ea642121330d2478352e0252831a89) Importer(815301076,1909f56bfc062723c751e8b465ee728b)  -> (artifact id: 'adfb1522110c8c2622f0b689e58ea4dc') in 0.007732 seconds 
  Import took 0.010872 seconds .

========================================================================
Received Import Request.
  Time since last request: 0.000134 seconds.
  path: Assets/Tiles/tileset_15.asset
  artifactKey: Guid(f420253921695f140b4f1a3fce345339) Importer(815301076,1909f56bfc062723c751e8b465ee728b)
Start importing Assets/Tiles/tileset_15.asset using Guid(f420253921695f140b4f1a3fce345339) Importer(815301076,1909f56bfc062723c751e8b465ee728b)  -> (artifact id: '1f01b8ab797d9c459cf5d9e1497c8d5b') in 0.008478 seconds 
  Import took 0.011397 seconds .

========================================================================
Received Import Request.
  Time since last request: 0.000144 seconds.
  path: Assets/Tiles/tileset_25.asset
  artifactKey: Guid(697761554e83f0644a595358625d27a1) Importer(815301076,1909f56bfc062723c751e8b465ee728b)
Start importing Assets/Tiles/tileset_25.asset using Guid(697761554e83f0644a595358625d27a1) Importer(815301076,1909f56bfc062723c751e8b465ee728b)  -> (artifact id: '47a050ae2f6a00971dbf960ca2175a40') in 0.008265 seconds 
  Import took 0.011137 seconds .

========================================================================
Received Import Request.
  Time since last request: 0.000132 seconds.
  path: Assets/Tiles/tileset_68.asset
  artifactKey: Guid(f79d57bd024c7414c9d0ae8e655a3f65) Importer(815301076,1909f56bfc062723c751e8b465ee728b)
Start importing Assets/Tiles/tileset_68.asset using Guid(f79d57bd024c7414c9d0ae8e655a3f65) Importer(815301076,1909f56bfc062723c751e8b465ee728b)  -> (artifact id: '1a204c0c12384920d9b985f4376b12e1') in 0.008144 seconds 
  Import took 0.010848 seconds .

========================================================================
Received Import Request.
  Time since last request: 0.000155 seconds.
  path: Assets/Tiles/tileset_11.asset
  artifactKey: Guid(838acfdc4f3fcb74c9f7b7d8710e1e05) Importer(815301076,1909f56bfc062723c751e8b465ee728b)
Start importing Assets/Tiles/tileset_11.asset using Guid(838acfdc4f3fcb74c9f7b7d8710e1e05) Importer(815301076,1909f56bfc062723c751e8b465ee728b)  -> (artifact id: '4b80edc55cffd052c13f74a1cd7018fa') in 0.007564 seconds 
  Import took 0.010489 seconds .

========================================================================
Received Import Request.
  Time since last request: 0.000150 seconds.
  path: Assets/Tiles/tileset_77.asset
  artifactKey: Guid(e6b4762d38bf85648ab98b310a9b90aa) Importer(815301076,1909f56bfc062723c751e8b465ee728b)
Start importing Assets/Tiles/tileset_77.asset using Guid(e6b4762d38bf85648ab98b310a9b90aa) Importer(815301076,1909f56bfc062723c751e8b465ee728b)  -> (artifact id: '4a539f0f2fce266e51e5d0050cdbbcef') in 0.008261 seconds 
  Import took 0.011276 seconds .

========================================================================
Received Import Request.
  Time since last request: 0.000133 seconds.
  path: Assets/Tiles/tileset_78.asset
  artifactKey: Guid(bce8786edbd03c74e8ead0afcc2e2547) Importer(815301076,1909f56bfc062723c751e8b465ee728b)
Start importing Assets/Tiles/tileset_78.asset using Guid(bce8786edbd03c74e8ead0afcc2e2547) Importer(815301076,1909f56bfc062723c751e8b465ee728b)  -> (artifact id: 'b511d4ce6b3b7a8709ca79ebc5d82d02') in 0.007937 seconds 
  Import took 0.010847 seconds .

========================================================================
Received Import Request.
  Time since last request: 0.000143 seconds.
  path: Assets/Tiles/tileset_70.asset
  artifactKey: Guid(36cb3ade07a16094b888e58d1ca26fd8) Importer(815301076,1909f56bfc062723c751e8b465ee728b)
Start importing Assets/Tiles/tileset_70.asset using Guid(36cb3ade07a16094b888e58d1ca26fd8) Importer(815301076,1909f56bfc062723c751e8b465ee728b)  -> (artifact id: '90da5c9e217ac411c8a3237366acdafc') in 0.008666 seconds 
  Import took 0.011642 seconds .

========================================================================
Received Import Request.
  Time since last request: 0.000144 seconds.
  path: Assets/Tiles/tileset_52.asset
  artifactKey: Guid(dd4063545953bb04198738e6ab5760a3) Importer(815301076,1909f56bfc062723c751e8b465ee728b)
Start importing Assets/Tiles/tileset_52.asset using Guid(dd4063545953bb04198738e6ab5760a3) Importer(815301076,1909f56bfc062723c751e8b465ee728b)  -> (artifact id: 'f275c155a8fd4545fa477f19d27385cf') in 0.008212 seconds 
  Import took 0.011041 seconds .

========================================================================
Received Import Request.
  Time since last request: 0.000145 seconds.
  path: Assets/Tiles/tileset_96.asset
  artifactKey: Guid(49ad9d60ac950c444998a7c9b82f34ff) Importer(815301076,1909f56bfc062723c751e8b465ee728b)
Start importing Assets/Tiles/tileset_96.asset using Guid(49ad9d60ac950c444998a7c9b82f34ff) Importer(815301076,1909f56bfc062723c751e8b465ee728b)  -> (artifact id: '0cc8572a50d1d20bb5298341bd47d50e') in 0.007968 seconds 
  Import took 0.010720 seconds .

========================================================================
Received Import Request.
  Time since last request: 0.000135 seconds.
  path: Assets/Tiles/tileset_84.asset
  artifactKey: Guid(b7b9eeb6ca7af5b43b11412bde161d4b) Importer(815301076,1909f56bfc062723c751e8b465ee728b)
Start importing Assets/Tiles/tileset_84.asset using Guid(b7b9eeb6ca7af5b43b11412bde161d4b) Importer(815301076,1909f56bfc062723c751e8b465ee728b)  -> (artifact id: '5c2809d4eab59881bb8ee20b4de9c2f0') in 0.008489 seconds 
  Import took 0.011389 seconds .

========================================================================
Received Import Request.
  Time since last request: 0.000160 seconds.
  path: Assets/Tiles/tileset_1.asset
  artifactKey: Guid(1905c37bd717aeb4a96f321214b7edeb) Importer(815301076,1909f56bfc062723c751e8b465ee728b)
Start importing Assets/Tiles/tileset_1.asset using Guid(1905c37bd717aeb4a96f321214b7edeb) Importer(815301076,1909f56bfc062723c751e8b465ee728b)  -> (artifact id: '4fde05841cdf96a80af9f5f4cb5e48ee') in 0.008224 seconds 
  Import took 0.011373 seconds .

========================================================================
Received Import Request.
  Time since last request: 0.000156 seconds.
  path: Assets/Tiles/tileset_3.asset
  artifactKey: Guid(d2a36e7557cb80f44bb050646ee169f7) Importer(815301076,1909f56bfc062723c751e8b465ee728b)
Start importing Assets/Tiles/tileset_3.asset using Guid(d2a36e7557cb80f44bb050646ee169f7) Importer(815301076,1909f56bfc062723c751e8b465ee728b)  -> (artifact id: '5005d7f1e23f38a078866cb58d6fb554') in 0.008756 seconds 
  Import took 0.011618 seconds .

========================================================================
Received Import Request.
  Time since last request: 0.000143 seconds.
  path: Assets/Tiles/tileset_95.asset
  artifactKey: Guid(16709e5e83786df41bf89cd5b661c81f) Importer(815301076,1909f56bfc062723c751e8b465ee728b)
Start importing Assets/Tiles/tileset_95.asset using Guid(16709e5e83786df41bf89cd5b661c81f) Importer(815301076,1909f56bfc062723c751e8b465ee728b)  -> (artifact id: '425ab45e502a4a88bcb95ab467ab59bf') in 0.008524 seconds 
  Import took 0.011317 seconds .

========================================================================
Received Import Request.
  Time since last request: 0.000139 seconds.
  path: Assets/Tiles/tileset_39.asset
  artifactKey: Guid(89d764d7d0d0228499cb439068ec86dd) Importer(815301076,1909f56bfc062723c751e8b465ee728b)
Start importing Assets/Tiles/tileset_39.asset using Guid(89d764d7d0d0228499cb439068ec86dd) Importer(815301076,1909f56bfc062723c751e8b465ee728b)  -> (artifact id: 'fac63ae6568514f60c44b9833771a810') in 0.008467 seconds 
  Import took 0.011151 seconds .

========================================================================
Received Import Request.
  Time since last request: 0.000124 seconds.
  path: Assets/Tiles/tileset_36.asset
  artifactKey: Guid(f26df3bd9ccd940429f1381e9a13fa00) Importer(815301076,1909f56bfc062723c751e8b465ee728b)
Start importing Assets/Tiles/tileset_36.asset using Guid(f26df3bd9ccd940429f1381e9a13fa00) Importer(815301076,1909f56bfc062723c751e8b465ee728b)  -> (artifact id: '02a71956fe1e5a3320db41806f9c846e') in 0.008305 seconds 
  Import took 0.011331 seconds .

========================================================================
Received Import Request.
  Time since last request: 0.000151 seconds.
  path: Assets/Tiles/tileset_59.asset
  artifactKey: Guid(c0998a0adb04c354d9b99434a5d5b2e7) Importer(815301076,1909f56bfc062723c751e8b465ee728b)
Start importing Assets/Tiles/tileset_59.asset using Guid(c0998a0adb04c354d9b99434a5d5b2e7) Importer(815301076,1909f56bfc062723c751e8b465ee728b)  -> (artifact id: '5e3f30f533205ed6b7bd2d72e0ea813f') in 0.008897 seconds 
  Import took 0.011889 seconds .

========================================================================
Received Import Request.
  Time since last request: 0.000145 seconds.
  path: Assets/Tiles/tileset_54.asset
  artifactKey: Guid(1b64264ecc782384ebd04894d355b1f2) Importer(815301076,1909f56bfc062723c751e8b465ee728b)
Start importing Assets/Tiles/tileset_54.asset using Guid(1b64264ecc782384ebd04894d355b1f2) Importer(815301076,1909f56bfc062723c751e8b465ee728b)  -> (artifact id: '9527a52b6c5be421dda3ed2ff2414551') in 0.008342 seconds 
  Import took 0.011459 seconds .

========================================================================
Received Import Request.
  Time since last request: 0.000150 seconds.
  path: Assets/Tiles/tileset_62.asset
  artifactKey: Guid(d3b4266b3d8ba5b449f95b6f30c99116) Importer(815301076,1909f56bfc062723c751e8b465ee728b)
Start importing Assets/Tiles/tileset_62.asset using Guid(d3b4266b3d8ba5b449f95b6f30c99116) Importer(815301076,1909f56bfc062723c751e8b465ee728b)  -> (artifact id: '4b6f4217bf088ce922494b1fd0424b73') in 0.008469 seconds 
  Import took 0.011719 seconds .

========================================================================
Received Import Request.
  Time since last request: 0.000189 seconds.
  path: Assets/Tiles/tileset_69.asset
  artifactKey: Guid(c78475494792f1c499eba8d1cfae6431) Importer(815301076,1909f56bfc062723c751e8b465ee728b)
Start importing Assets/Tiles/tileset_69.asset using Guid(c78475494792f1c499eba8d1cfae6431) Importer(815301076,1909f56bfc062723c751e8b465ee728b)  -> (artifact id: 'bbfc7444a002029b697956975006890e') in 0.010994 seconds 
  Import took 0.014867 seconds .

========================================================================
Received Import Request.
  Time since last request: 0.000168 seconds.
  path: Assets/Tiles/tileset_32.asset
  artifactKey: Guid(77ac9d0cea148f849986255b1bb36a9e) Importer(815301076,1909f56bfc062723c751e8b465ee728b)
Start importing Assets/Tiles/tileset_32.asset using Guid(77ac9d0cea148f849986255b1bb36a9e) Importer(815301076,1909f56bfc062723c751e8b465ee728b)  -> (artifact id: '4fe76b38d05b38fe71994fbd02d0951a') in 0.008947 seconds 
  Import took 0.012027 seconds .

========================================================================
Received Import Request.
  Time since last request: 0.000226 seconds.
  path: Assets/Tiles/tileset_81.asset
  artifactKey: Guid(1f760a5acb0bfcf4693611001b94dd52) Importer(815301076,1909f56bfc062723c751e8b465ee728b)
Start importing Assets/Tiles/tileset_81.asset using Guid(1f760a5acb0bfcf4693611001b94dd52) Importer(815301076,1909f56bfc062723c751e8b465ee728b)  -> (artifact id: '0ccaa960bcde862c284be7cfb05e58eb') in 0.009487 seconds 
  Import took 0.013075 seconds .

========================================================================
Received Import Request.
  Time since last request: 0.000143 seconds.
  path: Assets/Tiles/tileset_43.asset
  artifactKey: Guid(0e77c13b6ea0cd240b13053cc70baa69) Importer(815301076,1909f56bfc062723c751e8b465ee728b)
Start importing Assets/Tiles/tileset_43.asset using Guid(0e77c13b6ea0cd240b13053cc70baa69) Importer(815301076,1909f56bfc062723c751e8b465ee728b)  -> (artifact id: '78c3d99b50b93a44d513acdb8f02a846') in 0.008232 seconds 
  Import took 0.011578 seconds .

========================================================================
Received Import Request.
  Time since last request: 0.000139 seconds.
  path: Assets/Tiles/tileset_67.asset
  artifactKey: Guid(b50d7f8033e520b47a9de6ae3fc06549) Importer(815301076,1909f56bfc062723c751e8b465ee728b)
Start importing Assets/Tiles/tileset_67.asset using Guid(b50d7f8033e520b47a9de6ae3fc06549) Importer(815301076,1909f56bfc062723c751e8b465ee728b)  -> (artifact id: 'ca957cbec0b0dec855f7f111375cac43') in 0.008533 seconds 
  Import took 0.011329 seconds .

========================================================================
Received Import Request.
  Time since last request: 0.000128 seconds.
  path: Assets/Tiles/tileset_72.asset
  artifactKey: Guid(57fb5d2e5cb925f4c823fb4c257ea452) Importer(815301076,1909f56bfc062723c751e8b465ee728b)
Start importing Assets/Tiles/tileset_72.asset using Guid(57fb5d2e5cb925f4c823fb4c257ea452) Importer(815301076,1909f56bfc062723c751e8b465ee728b)  -> (artifact id: 'd673412ca6d8ef66fac676d168c691f0') in 0.008617 seconds 
  Import took 0.011335 seconds .

========================================================================
Received Import Request.
  Time since last request: 0.000145 seconds.
  path: Assets/Tiles/tileset_10.asset
  artifactKey: Guid(abb7eeb3e0eb65e4888901eed6655af7) Importer(815301076,1909f56bfc062723c751e8b465ee728b)
Start importing Assets/Tiles/tileset_10.asset using Guid(abb7eeb3e0eb65e4888901eed6655af7) Importer(815301076,1909f56bfc062723c751e8b465ee728b)  -> (artifact id: '4b247c247e8e70f27d82007e4b971187') in 0.008617 seconds 
  Import took 0.011882 seconds .

========================================================================
Received Import Request.
  Time since last request: 0.000135 seconds.
  path: Assets/Tiles/tileset_23.asset
  artifactKey: Guid(1ef9f6c30c39ca2418564e3b25ddff80) Importer(815301076,1909f56bfc062723c751e8b465ee728b)
Start importing Assets/Tiles/tileset_23.asset using Guid(1ef9f6c30c39ca2418564e3b25ddff80) Importer(815301076,1909f56bfc062723c751e8b465ee728b)  -> (artifact id: '2f559383de0465c46f35d0b31822390d') in 0.008382 seconds 
  Import took 0.011029 seconds .

========================================================================
Received Import Request.
  Time since last request: 0.000136 seconds.
  path: Assets/Tiles/tileset_16.asset
  artifactKey: Guid(dbe26aaaa0c454349917421865c27ee3) Importer(815301076,1909f56bfc062723c751e8b465ee728b)
Start importing Assets/Tiles/tileset_16.asset using Guid(dbe26aaaa0c454349917421865c27ee3) Importer(815301076,1909f56bfc062723c751e8b465ee728b)  -> (artifact id: '954c415857bfffe2277db85420c73240') in 0.007832 seconds 
  Import took 0.010660 seconds .

========================================================================
Received Import Request.
  Time since last request: 0.000155 seconds.
  path: Assets/Tiles/tileset_4.asset
  artifactKey: Guid(677d5b40f79199a458f0ffb79979ef4e) Importer(815301076,1909f56bfc062723c751e8b465ee728b)
Start importing Assets/Tiles/tileset_4.asset using Guid(677d5b40f79199a458f0ffb79979ef4e) Importer(815301076,1909f56bfc062723c751e8b465ee728b)  -> (artifact id: 'f76f62f6d1eec99ac149b1214b4825e9') in 0.007947 seconds 
  Import took 0.011231 seconds .

========================================================================
Received Import Request.
  Time since last request: 0.000167 seconds.
  path: Assets/Tiles/tileset_48.asset
  artifactKey: Guid(23bf630806d3ae04390659e0fd50dd3e) Importer(815301076,1909f56bfc062723c751e8b465ee728b)
Start importing Assets/Tiles/tileset_48.asset using Guid(23bf630806d3ae04390659e0fd50dd3e) Importer(815301076,1909f56bfc062723c751e8b465ee728b)  -> (artifact id: '56c2f4ba17a212024a7eefbcac0c1544') in 0.007752 seconds 
  Import took 0.010671 seconds .

========================================================================
Received Import Request.
  Time since last request: 0.000151 seconds.
  path: Assets/Tiles/tileset_33.asset
  artifactKey: Guid(8f7c40b0ce2d1674e8014bbea838a8e6) Importer(815301076,1909f56bfc062723c751e8b465ee728b)
Start importing Assets/Tiles/tileset_33.asset using Guid(8f7c40b0ce2d1674e8014bbea838a8e6) Importer(815301076,1909f56bfc062723c751e8b465ee728b)  -> (artifact id: '3f7785085595d720a44d1b54a3602446') in 0.007737 seconds 
  Import took 0.010664 seconds .

========================================================================
Received Import Request.
  Time since last request: 185.938493 seconds.
  path: ProjectSettings/TagManager.asset
  artifactKey: Guid(00000000000000003000000000000000) Importer(815301076,1909f56bfc062723c751e8b465ee728b)
Start importing ProjectSettings/TagManager.asset using Guid(00000000000000003000000000000000) Importer(815301076,1909f56bfc062723c751e8b465ee728b)  -> (artifact id: '95df672b4aaba54310d34c83eef51bb8') in 0.006728 seconds 
  Import took 0.010310 seconds .

========================================================================
Received Import Request.
  Time since last request: 4.345347 seconds.
  path: Assets/Arts/gfx/character.png
  artifactKey: Guid(3111f23cd57d2be48b2ee6bac4a23588) Importer(815301076,1909f56bfc062723c751e8b465ee728b)
Start importing Assets/Arts/gfx/character.png using Guid(3111f23cd57d2be48b2ee6bac4a23588) Importer(815301076,1909f56bfc062723c751e8b465ee728b)  -> (artifact id: 'f0d32c33c0311fed4694cbd5e5fe3005') in 0.080610 seconds 
  Import took 0.084102 seconds .

========================================================================
Received Import Request.
  Time since last request: 93.469294 seconds.
  path: Assets/Arts/gfx/character.png
  artifactKey: Guid(3111f23cd57d2be48b2ee6bac4a23588) Importer(815301076,1909f56bfc062723c751e8b465ee728b)
Start importing Assets/Arts/gfx/character.png using Guid(3111f23cd57d2be48b2ee6bac4a23588) Importer(815301076,1909f56bfc062723c751e8b465ee728b)  -> (artifact id: '225d1b362c8699d90fedcdaf23d0b93f') in 0.161849 seconds 
  Import took 0.165766 seconds .

========================================================================
Received Import Request.
  Time since last request: 143.841165 seconds.
  path: Assets/Scripts
  artifactKey: Guid(1835f1c5bc6466f478b89b1201ac8880) Importer(815301076,1909f56bfc062723c751e8b465ee728b)
Start importing Assets/Scripts using Guid(1835f1c5bc6466f478b89b1201ac8880) Importer(815301076,1909f56bfc062723c751e8b465ee728b)  -> (artifact id: '814612c9dafb799d0f84577dece9f127') in 0.006312 seconds 
  Import took 0.010297 seconds .

========================================================================
Received Import Request.
  Time since last request: 20.206124 seconds.
  path: Assets/Scripts/PlayerController.cs
  artifactKey: Guid(022ec1059ff090444b6c05441f63b88d) Importer(815301076,1909f56bfc062723c751e8b465ee728b)
Start importing Assets/Scripts/PlayerController.cs using Guid(022ec1059ff090444b6c05441f63b88d) Importer(815301076,1909f56bfc062723c751e8b465ee728b)  -> (artifact id: 'b7c1b7a3f8be734d20a12cace8402753') in 0.008865 seconds 
  Import took 0.012324 seconds .

========================================================================
Received Prepare
Registering precompiled user dll's ...
Registered in 0.003144 seconds.
Begin MonoManager ReloadAssembly
Native extension for WindowsStandalone target not found
Refreshing native plugins compatible for Editor in 0.63 ms, found 3 plugins.
Preloading 0 native plugins for Editor in 0.00 ms.
Mono: successfully reloaded assembly
- Completed reload, in  0.740 seconds
Domain Reload Profiling:
	ReloadAssembly (740ms)
		BeginReloadAssembly (105ms)
			ExecutionOrderSort (0ms)
			DisableScriptedObjects (4ms)
			BackupInstance (0ms)
			ReleaseScriptingObjects (0ms)
			CreateAndSetChildDomain (34ms)
		EndReloadAssembly (588ms)
			LoadAssemblies (65ms)
			RebuildTransferFunctionScriptingTraits (0ms)
			SetupTypeCache (199ms)
			ReleaseScriptCaches (1ms)
			RebuildScriptCaches (28ms)
			SetupLoadedEditorAssemblies (227ms)
				LogAssemblyErrors (0ms)
				InitializePlatformSupportModulesInManaged (4ms)
				SetLoadedEditorAssemblies (0ms)
				RefreshPlugins (1ms)
				BeforeProcessingInitializeOnLoad (64ms)
				ProcessInitializeOnLoadAttributes (145ms)
				ProcessInitializeOnLoadMethodAttributes (8ms)
				AfterProcessingInitializeOnLoad (4ms)
				EditorAssembliesLoaded (0ms)
			ExecutionOrderSort2 (0ms)
			AwakeInstancesAfterBackupRestoration (7ms)
Platform modules already initialized, skipping
Refreshing native plugins compatible for Editor in 0.52 ms, found 3 plugins.
Preloading 0 native plugins for Editor in 0.00 ms.
Unloading 2182 Unused Serialized files (Serialized files now loaded: 0)
System memory in use before: 99.0 MB.
System memory in use after: 99.1 MB.

Unloading 18 unused Assets to reduce memory usage. Loaded Objects now: 2702.
Total: 2.572300 ms (FindLiveObjects: 0.225700 ms CreateObjectMapping: 0.046200 ms MarkObjects: 2.279200 ms  DeleteObjects: 0.019300 ms)

AssetImportParameters requested are different than current active one (requested -> active):
  custom:framework-win-MediaFoundation: 216162199b28c13a410421893ffa2e32 -> 
  custom:video-decoder-ogg-theora: a1e56fd34408186e4bbccfd4996cb3dc -> 
  custom:container-muxer-webm: aa71ff27fc2769a1b78a27578f13a17b -> 
  custom:container-demuxer-webm: 4f35f7cbe854078d1ac9338744f61a02 -> 
  custom:container-demuxer-ogg: 62fdf1f143b41e24485cea50d1cbac27 -> 
  custom:video-encoder-webm-vp8: eb34c28f22e8b96e1ab97ce403110664 -> 
  custom:video-decoder-webm-vp8: 9c59270c3fd7afecdb556c50c9e8de78 -> 
  custom:audio-decoder-ogg-vorbis: bf7c407c2cedff20999df2af8eb42d56 -> 
  custom:audio-encoder-webm-vorbis: bf7c407c2cedff20999df2af8eb42d56 -> 
========================================================================
Received Import Request.
  Time since last request: 1073.350252 seconds.
  path: Assets/Scripts/PlayerController.cs
  artifactKey: Guid(022ec1059ff090444b6c05441f63b88d) Importer(815301076,1909f56bfc062723c751e8b465ee728b)
Start importing Assets/Scripts/PlayerController.cs using Guid(022ec1059ff090444b6c05441f63b88d) Importer(815301076,1909f56bfc062723c751e8b465ee728b)  -> (artifact id: 'd7bfda640a0ddcd5a61354223fe1b757') in 0.005924 seconds 
  Import took 0.009393 seconds .

========================================================================
Received Prepare
Registering precompiled user dll's ...
Registered in 0.003316 seconds.
Begin MonoManager ReloadAssembly
Native extension for WindowsStandalone target not found
Refreshing native plugins compatible for Editor in 0.52 ms, found 3 plugins.
Preloading 0 native plugins for Editor in 0.00 ms.
Mono: successfully reloaded assembly
- Completed reload, in  0.681 seconds
Domain Reload Profiling:
	ReloadAssembly (681ms)
		BeginReloadAssembly (88ms)
			ExecutionOrderSort (0ms)
			DisableScriptedObjects (4ms)
			BackupInstance (0ms)
			ReleaseScriptingObjects (0ms)
			CreateAndSetChildDomain (32ms)
		EndReloadAssembly (550ms)
			LoadAssemblies (62ms)
			RebuildTransferFunctionScriptingTraits (0ms)
			SetupTypeCache (180ms)
			ReleaseScriptCaches (1ms)
			RebuildScriptCaches (28ms)
			SetupLoadedEditorAssemblies (212ms)
				LogAssemblyErrors (0ms)
				InitializePlatformSupportModulesInManaged (3ms)
				SetLoadedEditorAssemblies (0ms)
				RefreshPlugins (1ms)
				BeforeProcessingInitializeOnLoad (60ms)
				ProcessInitializeOnLoadAttributes (134ms)
				ProcessInitializeOnLoadMethodAttributes (8ms)
				AfterProcessingInitializeOnLoad (5ms)
				EditorAssembliesLoaded (0ms)
			ExecutionOrderSort2 (0ms)
			AwakeInstancesAfterBackupRestoration (9ms)
Platform modules already initialized, skipping
Refreshing native plugins compatible for Editor in 0.48 ms, found 3 plugins.
Preloading 0 native plugins for Editor in 0.00 ms.
Unloading 2182 Unused Serialized files (Serialized files now loaded: 0)
System memory in use before: 99.0 MB.
System memory in use after: 99.1 MB.

Unloading 17 unused Assets to reduce memory usage. Loaded Objects now: 2704.
Total: 2.564400 ms (FindLiveObjects: 0.198100 ms CreateObjectMapping: 0.052300 ms MarkObjects: 2.292400 ms  DeleteObjects: 0.019600 ms)

AssetImportParameters requested are different than current active one (requested -> active):
  custom:framework-win-MediaFoundation: 216162199b28c13a410421893ffa2e32 -> 
  custom:video-decoder-ogg-theora: a1e56fd34408186e4bbccfd4996cb3dc -> 
  custom:container-muxer-webm: aa71ff27fc2769a1b78a27578f13a17b -> 
  custom:container-demuxer-webm: 4f35f7cbe854078d1ac9338744f61a02 -> 
  custom:container-demuxer-ogg: 62fdf1f143b41e24485cea50d1cbac27 -> 
  custom:video-encoder-webm-vp8: eb34c28f22e8b96e1ab97ce403110664 -> 
  custom:video-decoder-webm-vp8: 9c59270c3fd7afecdb556c50c9e8de78 -> 
  custom:audio-decoder-ogg-vorbis: bf7c407c2cedff20999df2af8eb42d56 -> 
  custom:audio-encoder-webm-vorbis: bf7c407c2cedff20999df2af8eb42d56 -> 
